<?xml version="1.0" ?>
<TEST-03>
  <id>TEST-03</id>
  <section>Testing</section>
  <title>Develop Unit Tests for OTBM and OTMM File I/O</title>
  <original_task_id>TEST-03</original_task_id>
  <description>Create unit tests for saving and loading map files in OTBM (OpenTibia Binary Map) and OTMM (OpenTibia MiniMap) formats. This includes verifying that all map elements (tiles, items, creatures, spawns, waypoints, houses, etc.) are correctly serialized and deserialized by the 'mapcore' library.</description>
  <dependencies>
    <dependencie>CORE-07-MapIO</dependencie>
    <dependencie>TEST-01</dependencie>
    <dependencie>CORE-01</dependencie>
    <dependencie>CORE-02</dependencie>
    <dependencie>CORE-02</dependencie>
    <dependencie>CORE-11-WaypointSystem</dependencie>
    <dependencie>CORE-09-HouseSystem</dependencie>
    <dependencie>CORE-10-SpawnSystem</dependencie>
    <dependencie>BUILD-01</dependencie>
  </dependencies>
  <input_files/>
  <analyzed_input_files/>
  <documentation_references>
    <documentation_reference>Qt Test Framework: https://doc.qt.io/qt-6/qttest-index.html</documentation_reference>
    <documentation_reference>OTBM Format Specification (e.g., from online resources like OTLand, CipSoft docs, for reference)</documentation_reference>
    <documentation_reference>OTMM Format: If specifications exist, link them. Otherwise, base on existing knowledge or reverse engineering if necessary.</documentation_reference>
    <documentation_reference>QTemporaryFile for managing test files: https://doc.qt.io/qt-6/qtemporaryfile.html</documentation_reference>
    <documentation_reference>QTemporaryDir for managing test directories: https://doc.qt.io/qt-6/qtemporarydir.html</documentation_reference>
  </documentation_references>
  <current_functionality_summary>This task is dedicated to creating new unit tests for the Qt6 implementation of OTBM (OpenTibia Binary Map) and OTMM (OpenTibia MiniMap) file saving and loading functionalities, which are part of the 'mapcore' library (developed in 'CORE-03'). These tests are crucial for ensuring data integrity, verifying that all map components are correctly serialized to disk and then deserialized back into memory without loss or corruption. The primary method will be round-trip testing.
</current_functionality_summary>
  <definition_of_done>
    <element>Unit tests using the Qt Test framework are created for both OTBM and OTMM file I/O operations within the 'mapcore' library.</element>
    <element>Comprehensive Round-Trip Tests for OTBM: Programmatically create diverse 'mapcore::Map' objects in memory. These test maps should include a wide array of features: Map header attributes (OTBM version, map dimensions, item major/minor versions, custom description strings), Tiles (with and without ground items, various item stacks, different tile flags), Items (all supported attribute types), Containers (with nested items), Creatures, Spawns (with specified radius, creature lists, spawn time intervals), Waypoints (both individual waypoints associated with tiles and map-wide waypoints managed by 'WaypointManager'), Houses (with assigned tiles, doors, beds, depots, rent, town ID, guildhall status), and Towns (with town ID, name, and temple position). Each test map is saved to a temporary OTBM file using the 'mapcore's implemented OTBM saving mechanism. The saved OTBM file is then loaded into a new 'mapcore::Map' object using the 'mapcore's OTBM loading mechanism. A thorough, deep comparison is performed between the original in-memory 'Map' and the loaded 'Map'. This comparison must verify: Identical map header attributes, identical content for every tile (ground item, stacked items with all their attributes, tile flags), correct creature data on tiles (if applicable), correct spawn data on tiles (radius, creature list, interval), correct waypoint data (tile-associated and map-wide), correct house data (all attributes, tile lists, door links), and correct town data (all attributes, house lists).</element>
    <element>Round-Trip Tests for OTMM (Minimap): Programmatically create or load sample minimap data (e.g., pixel colors for a defined area). Save this data to a temporary OTMM file. Load the OTMM file into a new minimap data structure. Verify that the loaded minimap pixel data and any associated metadata are identical to the original.</element>
    <element>Error Handling Tests for OTBM/OTMM Loaders: Attempt to load non-existent files and verify appropriate error reporting (e.g., return 'false', specific error code/exception). Attempt to load empty files and verify graceful failure. Attempt to load corrupted or malformed OTBM/OTMM files: Files with incorrect magic numbers/signatures, files with invalid node types or unexpected data structures, files where data sizes are inconsistent with header information, and truncated files (incomplete data). Attempt to load OTBM files specifying unsupported client versions or item data versions (if the loader is designed for such checks, verify it behaves as expected). The loader must not crash and should report errors clearly.</element>
    <element>Edge Case Coverage: Saving/loading completely empty maps. Saving/loading maps with maximum allowed dimensions (if feasible for unit tests, otherwise conceptual). Maps with tiles containing the maximum number of items or items with maximum attribute values/string lengths.</element>
    <element>All created unit tests pass successfully.</element>
    <element>Tests are integrated into the CMake build system ('qt_add_test' or similar) for automated execution (e.g., via 'ctest').</element>
    <element>Test data (small mock OTBM/OTMM snippets for error testing, or generation code for round-trip maps) is managed cleanly, possibly using 'QTemporaryFile' or 'QTemporaryDir'.</element>
  </definition_of_done>
  <estimation_effort>
    <element>Very High (25-35 developer days). OTBM is a complex, hierarchical binary format. Creating test maps that cover all features and attributes, implementing thorough deep comparison logic, and designing diverse corrupted file scenarios for error handling will be very time-consuming. OTMM is simpler but still requires careful validation.</element>
  </estimation_effort>
  <known_missing_files/>
  <boilerplate_coder_ai_prompt>Your task is to write unit tests for the OTBM (OpenTibia Binary Map) and OTMM (OpenTibia MiniMap) file I/O operations for the 'mapcore' library, using the Qt Test framework. The primary focus is on round-trip testing and error handling for the map saver and loader functionalities developed in 'CORE-03'.

General Test Structure (for each test class, e.g., 'TestOtbmIO');
  1.  Inherit from 'QObject'.
  2.  Include necessary 'mapcore' headers.
  3.  Use 'QTEST_MAIN' or integrate into a larger test runner.
  4.  Private slots for test cases (e.g., 'testEmptyMapRoundTrip()', 'testFullMapRoundTrip()', 'testLoadCorruptedOtbmHeader()').
  5.  Use 'QTemporaryDir' to create a temporary directory for saving/loading test map files. Get file paths using 'QTemporaryDir::filePath()'.

Round-Trip Testing Strategy for OTBM;

- 'void TestOtbmIO::initTestCase()' - (Optional one-time setup).
- 'void TestOtbmIO::cleanupTestCase()' - (Optional one-time cleanup).
- 'void TestOtbmIO::init()' - (Setup before each test function, e.g., create 'QTemporaryDir m_tempDir;').
- 'void TestOtbmIO::cleanup()' - (Cleanup after each test function).

- Test Function Example ('testFullMapRoundTrip()');
      ```cpp
    // 1. Create Original Map
    mapcore::Map originalMap;
    // ... Programmatically populate originalMap with a comprehensive set of features:
    //     - Set map attributes (version, description, dimensions: e.g., 50x50x1).
    //     - Create tiles with ground items (mapcore::Item::Create(groundId)).
    //     - Add various items to tiles: stackables, containers (with items inside), items with ActionID, UniqueID, text.
    //     - Add a mapcore::SpawnProperties to a tile, add creatures to its list.
    //     - Add a mapcore::Waypoint to a tile using originalMap.getWaypointManager().addWaypoint(...).
    //     - Create a mapcore::House, add tiles to it, set exit, rent, townID. Add to originalMap.getHouseManager().
    //     - Create a mapcore::Town, set temple. Add to originalMap.getTownManager().

    // 2. Save Map
    QString otbmPath = m_tempDir.filePath(&quot;test_full.otbm&quot;);
    mapcore::IOMapOTBM mapSaver; // Assuming this is the class from CORE-03
    QVERIFY(mapSaver.saveMap(originalMap, otbmPath));

    // 3. Load Map
    mapcore::Map loadedMap;
    mapcore::IOMapOTBM mapLoader;
    QVERIFY(mapLoader.loadMap(loadedMap, otbmPath));

    // 4. Compare Maps
    // Implement a thorough compareMaps(const mapcore::Map&amp; map1, const mapcore::Map&amp; map2) helper.
    QVERIFY(compareMaps(originalMap, loadedMap));
    ```

- 'bool compareMaps(const mapcore::Map&amp; map1, const mapcore::Map&amp; map2)' Helper;
    - Compare header attributes: 'QCOMPARE(map1.getVersion(), map2.getVersion());', dimensions, description.
    - Iterate all possible tile positions (up to map1's dimensions). For each position:
        - 'mapcore::Tile* tile1 = map1.getTile(pos); mapcore::Tile* tile2 = map2.getTile(pos);'
        - If one is null and the other isn't, 'QFAIL'. If both null, continue.
        - 'QVERIFY(compareTiles(tile1, tile2));' (another helper).
    - Compare WaypointManagers, HouseManagers, TownManagers by iterating their contents and comparing individual Waypoints, Houses, Towns.

- 'bool compareTiles(const mapcore::Tile* tile1, const mapcore::Tile* tile2)' Helper;
    - Compare ground items (ID, attributes).
    - Compare item stacks: size, and for each item, 'QVERIFY(compareItems(item1, item2));'.
    - Compare tile flags.
    - Compare SpawnProperties (radius, creature list, interval).
    - Compare Waypoint data.

- 'bool compareItems(const mapcore::Item* item1, const mapcore::Item* item2)' Helper;
    - Compare ID, count/subtype, all attributes (ActionID, UniqueID, text, etc.).
    - If containers, recursively compare their contents.

Error Handling Tests for OTBM Loader;
- 'testLoadNonExistentFile()': 'QVERIFY(!mapLoader.loadMap(map, &quot;non_existent.otbm&quot;));'.
- 'testLoadEmptyFile()': Create an empty file using 'QTemporaryFile', try to load.
- 'testLoadCorruptedFile()': Create a valid small OTBM, then manually truncate it or alter some bytes using 'QFile' I/O, then try to load. Test various corruption types (header, node data, attributes).
    - Example: 'QTemporaryFile tempFile; tempFile.open(); tempFile.write(&quot;InvalidData&quot;); tempFile.close(); QVERIFY(!mapLoader.loadMap(map, tempFile.fileName()));'

OTMM Testing;
- Similar round-trip strategy for minimap data.
- Create a mock minimap data structure (e.g., a 2D array of color indices).
- Use 'IOMapOTMM' (from 'CORE-03') to save/load to/from a temporary file.
- Compare the original and loaded minimap data.

Ensure to test all node types and attributes defined in the OTBM specification that your loader/saver is expected to handle.
Consider using 'QTest::addColumn' and 'QTest::newRow' for data-driven tests, especially for different item attribute combinations or corruption scenarios.
</boilerplate_coder_ai_prompt>
</TEST-03>
